Temp/gradleOut/build/intermediates/proguard-rules/release/aapt_rules.txt
# Referenced at merged_manifests\release\AndroidManifest.xml:78
-keep class com.unity3d.ads.adunit.AdUnitActivity { <init>(); }
# Referenced at merged_manifests\release\AndroidManifest.xml:93
-keep class com.unity3d.ads.adunit.AdUnitSoftwareActivity { <init>(); }
# Referenced at merged_manifests\release\AndroidManifest.xml:83
-keep class com.unity3d.ads.adunit.AdUnitTransparentActivity { <init>(); }
# Referenced at merged_manifests\release\AndroidManifest.xml:88
-keep class com.unity3d.ads.adunit.AdUnitTransparentSoftwareActivity { <init>(); }
# Referenced at merged_manifests\release\AndroidManifest.xml:43
-keep class com.unity3d.player.UnityPlayerActivity { <init>(); }