Temp/gradleOut/build/outputs/mapping/release/mapping.txt
# compiler: R8
# compiler_version: 1.4.77
# min_api: 16
...
com.unity3d.ads.api.VideoPlayer$6 -> com.unity3d.ads.api.VideoPlayer$6:
    1:1:void <init>(java.lang.Integer):147:147 -> <init>
    1:2:void run():150:151 -> run
com.unity3d.ads.broadcast.BroadcastError -> com.unity3d.ads.broadcast.BroadcastError:
    1:1:void <clinit>():4:4 -> <clinit>
    2:2:void <clinit>():3:3 -> <clinit>
    1:1:void <init>(java.lang.String,int):3:3 -> <init>
    1:1:com.unity3d.ads.broadcast.BroadcastError valueOf(java.lang.String):3:3 -> valueOf
    1:1:com.unity3d.ads.broadcast.BroadcastError[] values():3:3 -> values
com.unity3d.ads.broadcast.BroadcastEvent -> com.unity3d.ads.broadcast.BroadcastEvent:
    1:1:void <clinit>():4:4 -> <clinit>
    2:2:void <clinit>():3:3 -> <clinit>
    1:1:void <init>(java.lang.String,int):3:3 -> <init>
    1:1:com.unity3d.ads.broadcast.BroadcastEvent valueOf(java.lang.String):3:3 -> valueOf
    1:1:com.unity3d.ads.broadcast.BroadcastEvent[] values():3:3 -> values
com.unity3d.ads.broadcast.BroadcastEventReceiver -> com.unity3d.ads.broadcast.BroadcastEventReceiver:
    1:2:void <init>(java.lang.String):18:19 -> <init>
    1:1:void onReceive(android.content.Context,android.content.Intent):24:24 -> onReceive
    2:3:void onReceive(android.content.Context,android.content.Intent):31:32 -> onReceive
    4:4:void onReceive(android.content.Context,android.content.Intent):35:35 -> onReceive
    5:6:void onReceive(android.content.Context,android.content.Intent):37:38 -> onReceive
    7:8:void onReceive(android.content.Context,android.content.Intent):40:41 -> onReceive
    9:9:void onReceive(android.content.Context,android.content.Intent):45:45 -> onReceive
    10:10:void onReceive(android.content.Context,android.content.Intent):48:48 -> onReceive
    11:11:void onReceive(android.content.Context,android.content.Intent):51:51 -> onReceive
    12:12:void onReceive(android.content.Context,android.content.Intent):55:55 -> onReceive
com.unity3d.ads.broadcast.BroadcastMonitor -> com.unity3d.ads.broadcast.BroadcastMonitor:
    1:1:void <init>():10:10 -> <init>
    1:1:void addBroadcastListener(java.lang.String,java.lang.String,java.lang.String[]):14:14 -> addBroadcastListener
    2:2:void addBroadcastListener(java.lang.String,java.lang.String,java.lang.String[]):16:16 -> addBroadcastListener
    3:4:void addBroadcastListener(java.lang.String,java.lang.String,java.lang.String[]):18:19 -> addBroadcastListener
    5:5:void addBroadcastListener(java.lang.String,java.lang.String,java.lang.String[]):23:23 -> addBroadcastListener
    6:7:void addBroadcastListener(java.lang.String,java.lang.String,java.lang.String[]):26:27 -> addBroadcastListener
    8:10:void addBroadcastListener(java.lang.String,java.lang.String,java.lang.String[]):30:32 -> addBroadcastListener
    1:3:void removeAllBroadcastListeners():43:45 -> removeAllBroadcastListeners
    4:4:void removeAllBroadcastListeners():48:48 -> removeAllBroadcastListeners
    1:3:void removeBroadcastListener(java.lang.String):36:38 -> removeBroadcastListener